<?xml version="1.0" encoding="UTF-8"?>
<testng-results skipped="0" failed="1" total="4" passed="3">
  <reporter-output>
  </reporter-output>
  <suite name="Suite" duration-ms="34240" started-at="2019-10-22T00:35:22Z" finished-at="2019-10-22T00:35:56Z">
    <groups>
    </groups>
    <test name="Validating Home Page" duration-ms="21322" started-at="2019-10-22T00:35:22Z" finished-at="2019-10-22T00:35:43Z">
      <class name="IngeniousTechHub.IngeniousTechHubApp.HomePage">
        <test-method status="PASS" signature="initilize()[pri:0, instance:IngeniousTechHub.IngeniousTechHubApp.HomePage@6973bf95]" name="initilize" is-config="true" duration-ms="5081" started-at="2019-10-22T06:05:22Z" finished-at="2019-10-22T06:05:27Z">
          <reporter-output>
          </reporter-output>
        </test-method> <!-- initilize -->
        <test-method status="PASS" signature="basePageNavigate(java.lang.String, java.lang.String, java.lang.String)[pri:0, instance:IngeniousTechHub.IngeniousTechHubApp.HomePage@6973bf95]" name="basePageNavigate" duration-ms="9231" started-at="2019-10-22T06:05:27Z" data-provider="getData" finished-at="2019-10-22T06:05:37Z">
          <params>
            <param index="0">
              <value>
                <![CDATA[mohit@123]]>
              </value>
            </param>
            <param index="1">
              <value>
                <![CDATA[mohit123]]>
              </value>
            </param>
            <param index="2">
              <value>
                <![CDATA[mohitdata]]>
              </value>
            </param>
          </params>
          <reporter-output>
          </reporter-output>
        </test-method> <!-- basePageNavigate -->
        <test-method status="PASS" signature="basePageNavigate(java.lang.String, java.lang.String, java.lang.String)[pri:0, instance:IngeniousTechHub.IngeniousTechHubApp.HomePage@6973bf95]" name="basePageNavigate" duration-ms="6725" started-at="2019-10-22T06:05:37Z" data-provider="getData" finished-at="2019-10-22T06:05:43Z">
          <params>
            <param index="0">
              <value>
                <![CDATA[mohit@123]]>
              </value>
            </param>
            <param index="1">
              <value>
                <![CDATA[mohit123]]>
              </value>
            </param>
            <param index="2">
              <value>
                <![CDATA[mohitdata]]>
              </value>
            </param>
          </params>
          <reporter-output>
          </reporter-output>
        </test-method> <!-- basePageNavigate -->
        <test-method status="PASS" signature="tearDown()[pri:0, instance:IngeniousTechHub.IngeniousTechHubApp.HomePage@6973bf95]" name="tearDown" is-config="true" duration-ms="171" started-at="2019-10-22T06:05:43Z" finished-at="2019-10-22T06:05:43Z">
          <reporter-output>
          </reporter-output>
        </test-method> <!-- tearDown -->
      </class> <!-- IngeniousTechHub.IngeniousTechHubApp.HomePage -->
    </test> <!-- Validating Home Page -->
    <test name="test" duration-ms="5935" started-at="2019-10-22T00:35:43Z" finished-at="2019-10-22T00:35:49Z">
      <class name="IngeniousTechHub.IngeniousTechHubApp.ValidateNavigateBar">
        <test-method status="PASS" signature="initilize()[pri:0, instance:IngeniousTechHub.IngeniousTechHubApp.ValidateNavigateBar@56de5251]" name="initilize" is-config="true" duration-ms="5697" started-at="2019-10-22T06:05:43Z" finished-at="2019-10-22T06:05:49Z">
          <reporter-output>
          </reporter-output>
        </test-method> <!-- initilize -->
        <test-method status="PASS" signature="validatetitleTest()[pri:0, instance:IngeniousTechHub.IngeniousTechHubApp.ValidateNavigateBar@56de5251]" name="validatetitleTest" duration-ms="137" started-at="2019-10-22T06:05:49Z" finished-at="2019-10-22T06:05:49Z">
          <reporter-output>
          </reporter-output>
        </test-method> <!-- validatetitleTest -->
        <test-method status="PASS" signature="teanDown()[pri:0, instance:IngeniousTechHub.IngeniousTechHubApp.ValidateNavigateBar@56de5251]" name="teanDown" is-config="true" duration-ms="98" started-at="2019-10-22T06:05:49Z" finished-at="2019-10-22T06:05:49Z">
          <reporter-output>
          </reporter-output>
        </test-method> <!-- teanDown -->
      </class> <!-- IngeniousTechHub.IngeniousTechHubApp.ValidateNavigateBar -->
    </test> <!-- test -->
    <test name="Validating title in the page" duration-ms="6907" started-at="2019-10-22T00:35:49Z" finished-at="2019-10-22T00:35:56Z">
      <class name="IngeniousTechHub.IngeniousTechHubApp.ValidateTitle">
        <test-method status="PASS" signature="initlize()[pri:0, instance:IngeniousTechHub.IngeniousTechHubApp.ValidateTitle@647fd8ce]" name="initlize" is-config="true" duration-ms="5942" started-at="2019-10-22T06:05:49Z" finished-at="2019-10-22T06:05:55Z">
          <reporter-output>
          </reporter-output>
        </test-method> <!-- initlize -->
        <test-method status="FAIL" signature="validatetitleTest()[pri:0, instance:IngeniousTechHub.IngeniousTechHubApp.ValidateTitle@647fd8ce]" name="validatetitleTest" duration-ms="73" started-at="2019-10-22T06:05:55Z" finished-at="2019-10-22T06:05:55Z">
          <exception class="java.lang.AssertionError">
            <message>
              <![CDATA[expected [FEATURED COURSES] but found [FEATURED COURSESss]]]>
            </message>
            <full-stacktrace>
              <![CDATA[java.lang.AssertionError: expected [FEATURED COURSES] but found [FEATURED COURSESss]
	at org.testng.Assert.fail(Assert.java:94)
	at org.testng.Assert.failNotEquals(Assert.java:513)
	at org.testng.Assert.assertEqualsImpl(Assert.java:135)
	at org.testng.Assert.assertEquals(Assert.java:116)
	at org.testng.Assert.assertEquals(Assert.java:190)
	at org.testng.Assert.assertEquals(Assert.java:200)
	at IngeniousTechHub.IngeniousTechHubApp.ValidateTitle.validatetitleTest(ValidateTitle.java:33)
	at sun.reflect.NativeMethodAccessorImpl.invoke0(Native Method)
	at sun.reflect.NativeMethodAccessorImpl.invoke(NativeMethodAccessorImpl.java:62)
	at sun.reflect.DelegatingMethodAccessorImpl.invoke(DelegatingMethodAccessorImpl.java:43)
	at java.lang.reflect.Method.invoke(Method.java:498)
	at org.testng.internal.MethodInvocationHelper.invokeMethod(MethodInvocationHelper.java:100)
	at org.testng.internal.Invoker.invokeMethod(Invoker.java:646)
	at org.testng.internal.Invoker.invokeTestMethod(Invoker.java:811)
	at org.testng.internal.Invoker.invokeTestMethods(Invoker.java:1137)
	at org.testng.internal.TestMethodWorker.invokeTestMethods(TestMethodWorker.java:129)
	at org.testng.internal.TestMethodWorker.run(TestMethodWorker.java:112)
	at org.testng.TestRunner.privateRun(TestRunner.java:753)
	at org.testng.TestRunner.run(TestRunner.java:607)
	at org.testng.SuiteRunner.runTest(SuiteRunner.java:368)
	at org.testng.SuiteRunner.runSequentially(SuiteRunner.java:363)
	at org.testng.SuiteRunner.privateRun(SuiteRunner.java:321)
	at org.testng.SuiteRunner.run(SuiteRunner.java:270)
	at org.testng.SuiteRunnerWorker.runSuite(SuiteRunnerWorker.java:52)
	at org.testng.SuiteRunnerWorker.run(SuiteRunnerWorker.java:86)
	at org.testng.TestNG.runSuitesSequentially(TestNG.java:1284)
	at org.testng.TestNG.runSuitesLocally(TestNG.java:1209)
	at org.testng.TestNG.runSuites(TestNG.java:1124)
	at org.testng.TestNG.run(TestNG.java:1096)
	at org.apache.maven.surefire.testng.TestNGExecutor.run(TestNGExecutor.java:283)
	at org.apache.maven.surefire.testng.TestNGXmlTestSuite.execute(TestNGXmlTestSuite.java:75)
	at org.apache.maven.surefire.testng.TestNGProvider.invoke(TestNGProvider.java:120)
	at org.apache.maven.surefire.booter.ForkedBooter.invokeProviderInSameClassLoader(ForkedBooter.java:384)
	at org.apache.maven.surefire.booter.ForkedBooter.runSuitesInProcess(ForkedBooter.java:345)
	at org.apache.maven.surefire.booter.ForkedBooter.execute(ForkedBooter.java:126)
	at org.apache.maven.surefire.booter.ForkedBooter.main(ForkedBooter.java:418)
]]>
            </full-stacktrace>
          </exception> <!-- java.lang.AssertionError -->
          <reporter-output>
          </reporter-output>
        </test-method> <!-- validatetitleTest -->
        <test-method status="PASS" signature="tearDown()[pri:0, instance:IngeniousTechHub.IngeniousTechHubApp.ValidateTitle@647fd8ce]" name="tearDown" is-config="true" duration-ms="108" started-at="2019-10-22T06:05:56Z" finished-at="2019-10-22T06:05:56Z">
          <reporter-output>
          </reporter-output>
        </test-method> <!-- tearDown -->
      </class> <!-- IngeniousTechHub.IngeniousTechHubApp.ValidateTitle -->
    </test> <!-- Validating title in the page -->
    <test name="App Testing" duration-ms="0" started-at="2019-10-22T00:35:56Z" finished-at="2019-10-22T00:35:56Z">
    </test> <!-- App Testing -->
  </suite> <!-- Suite -->
</testng-results>
