<?xml version="1.0" encoding="UTF-8"?>
<testng-results skipped="0" failed="1" total="4" passed="3">
  <reporter-output>
  </reporter-output>
  <suite name="Suite" duration-ms="35833" started-at="2019-10-22T00:34:09Z" finished-at="2019-10-22T00:34:45Z">
    <groups>
    </groups>
    <test name="Validating Home Page" duration-ms="22808" started-at="2019-10-22T00:34:09Z" finished-at="2019-10-22T00:34:32Z">
      <class name="IngeniousTechHub.IngeniousTechHubApp.HomePage">
        <test-method status="PASS" signature="initilize()[pri:0, instance:IngeniousTechHub.IngeniousTechHubApp.HomePage@17046283]" name="initilize" is-config="true" duration-ms="5261" started-at="2019-10-22T06:04:09Z" finished-at="2019-10-22T06:04:15Z">
          <reporter-output>
          </reporter-output>
        </test-method> <!-- initilize -->
        <test-method status="PASS" signature="basePageNavigate(java.lang.String, java.lang.String, java.lang.String)[pri:0, instance:IngeniousTechHub.IngeniousTechHubApp.HomePage@17046283]" name="basePageNavigate" duration-ms="11185" started-at="2019-10-22T06:04:15Z" data-provider="getData" finished-at="2019-10-22T06:04:26Z">
          <params>
            <param index="0">
              <value>
                <![CDATA[mohit@123]]>
              </value>
            </param>
            <param index="1">
              <value>
                <![CDATA[mohit123]]>
              </value>
            </param>
            <param index="2">
              <value>
                <![CDATA[mohitdata]]>
              </value>
            </param>
          </params>
          <reporter-output>
          </reporter-output>
        </test-method> <!-- basePageNavigate -->
        <test-method status="PASS" signature="basePageNavigate(java.lang.String, java.lang.String, java.lang.String)[pri:0, instance:IngeniousTechHub.IngeniousTechHubApp.HomePage@17046283]" name="basePageNavigate" duration-ms="6105" started-at="2019-10-22T06:04:26Z" data-provider="getData" finished-at="2019-10-22T06:04:32Z">
          <params>
            <param index="0">
              <value>
                <![CDATA[mohit@123]]>
              </value>
            </param>
            <param index="1">
              <value>
                <![CDATA[mohit123]]>
              </value>
            </param>
            <param index="2">
              <value>
                <![CDATA[mohitdata]]>
              </value>
            </param>
          </params>
          <reporter-output>
          </reporter-output>
        </test-method> <!-- basePageNavigate -->
        <test-method status="PASS" signature="tearDown()[pri:0, instance:IngeniousTechHub.IngeniousTechHubApp.HomePage@17046283]" name="tearDown" is-config="true" duration-ms="204" started-at="2019-10-22T06:04:32Z" finished-at="2019-10-22T06:04:32Z">
          <reporter-output>
          </reporter-output>
        </test-method> <!-- tearDown -->
      </class> <!-- IngeniousTechHub.IngeniousTechHubApp.HomePage -->
    </test> <!-- Validating Home Page -->
    <test name="test" duration-ms="5944" started-at="2019-10-22T00:34:32Z" finished-at="2019-10-22T00:34:38Z">
      <class name="IngeniousTechHub.IngeniousTechHubApp.ValidateNavigateBar">
        <test-method status="PASS" signature="initilize()[pri:0, instance:IngeniousTechHub.IngeniousTechHubApp.ValidateNavigateBar@635eaaf1]" name="initilize" is-config="true" duration-ms="5650" started-at="2019-10-22T06:04:32Z" finished-at="2019-10-22T06:04:38Z">
          <reporter-output>
          </reporter-output>
        </test-method> <!-- initilize -->
        <test-method status="PASS" signature="validatetitleTest()[pri:0, instance:IngeniousTechHub.IngeniousTechHubApp.ValidateNavigateBar@635eaaf1]" name="validatetitleTest" duration-ms="179" started-at="2019-10-22T06:04:38Z" finished-at="2019-10-22T06:04:38Z">
          <reporter-output>
          </reporter-output>
        </test-method> <!-- validatetitleTest -->
        <test-method status="PASS" signature="teanDown()[pri:0, instance:IngeniousTechHub.IngeniousTechHubApp.ValidateNavigateBar@635eaaf1]" name="teanDown" is-config="true" duration-ms="112" started-at="2019-10-22T06:04:38Z" finished-at="2019-10-22T06:04:38Z">
          <reporter-output>
          </reporter-output>
        </test-method> <!-- teanDown -->
      </class> <!-- IngeniousTechHub.IngeniousTechHubApp.ValidateNavigateBar -->
    </test> <!-- test -->
    <test name="Validating title in the page" duration-ms="7004" started-at="2019-10-22T00:34:38Z" finished-at="2019-10-22T00:34:45Z">
      <class name="IngeniousTechHub.IngeniousTechHubApp.ValidateTitle">
        <test-method status="PASS" signature="initlize()[pri:0, instance:IngeniousTechHub.IngeniousTechHubApp.ValidateTitle@50a638b5]" name="initlize" is-config="true" duration-ms="6038" started-at="2019-10-22T06:04:38Z" finished-at="2019-10-22T06:04:44Z">
          <reporter-output>
          </reporter-output>
        </test-method> <!-- initlize -->
        <test-method status="FAIL" signature="validatetitleTest()[pri:0, instance:IngeniousTechHub.IngeniousTechHubApp.ValidateTitle@50a638b5]" name="validatetitleTest" duration-ms="103" started-at="2019-10-22T06:04:44Z" finished-at="2019-10-22T06:04:44Z">
          <exception class="java.lang.AssertionError">
            <message>
              <![CDATA[expected [FEATURED COURSES] but found [FEATURED COURSESss]]]>
            </message>
            <full-stacktrace>
              <![CDATA[java.lang.AssertionError: expected [FEATURED COURSES] but found [FEATURED COURSESss]
	at org.testng.Assert.fail(Assert.java:94)
	at org.testng.Assert.failNotEquals(Assert.java:513)
	at org.testng.Assert.assertEqualsImpl(Assert.java:135)
	at org.testng.Assert.assertEquals(Assert.java:116)
	at org.testng.Assert.assertEquals(Assert.java:190)
	at org.testng.Assert.assertEquals(Assert.java:200)
	at IngeniousTechHub.IngeniousTechHubApp.ValidateTitle.validatetitleTest(ValidateTitle.java:33)
	at sun.reflect.NativeMethodAccessorImpl.invoke0(Native Method)
	at sun.reflect.NativeMethodAccessorImpl.invoke(NativeMethodAccessorImpl.java:62)
	at sun.reflect.DelegatingMethodAccessorImpl.invoke(DelegatingMethodAccessorImpl.java:43)
	at java.lang.reflect.Method.invoke(Method.java:498)
	at org.testng.internal.MethodInvocationHelper.invokeMethod(MethodInvocationHelper.java:100)
	at org.testng.internal.Invoker.invokeMethod(Invoker.java:646)
	at org.testng.internal.Invoker.invokeTestMethod(Invoker.java:811)
	at org.testng.internal.Invoker.invokeTestMethods(Invoker.java:1137)
	at org.testng.internal.TestMethodWorker.invokeTestMethods(TestMethodWorker.java:129)
	at org.testng.internal.TestMethodWorker.run(TestMethodWorker.java:112)
	at org.testng.TestRunner.privateRun(TestRunner.java:753)
	at org.testng.TestRunner.run(TestRunner.java:607)
	at org.testng.SuiteRunner.runTest(SuiteRunner.java:368)
	at org.testng.SuiteRunner.runSequentially(SuiteRunner.java:363)
	at org.testng.SuiteRunner.privateRun(SuiteRunner.java:321)
	at org.testng.SuiteRunner.run(SuiteRunner.java:270)
	at org.testng.SuiteRunnerWorker.runSuite(SuiteRunnerWorker.java:52)
	at org.testng.SuiteRunnerWorker.run(SuiteRunnerWorker.java:86)
	at org.testng.TestNG.runSuitesSequentially(TestNG.java:1284)
	at org.testng.TestNG.runSuitesLocally(TestNG.java:1209)
	at org.testng.TestNG.runSuites(TestNG.java:1124)
	at org.testng.TestNG.run(TestNG.java:1096)
	at org.testng.remote.AbstractRemoteTestNG.run(AbstractRemoteTestNG.java:132)
	at org.testng.remote.RemoteTestNG.initAndRun(RemoteTestNG.java:236)
	at org.testng.remote.RemoteTestNG.main(RemoteTestNG.java:81)
]]>
            </full-stacktrace>
          </exception> <!-- java.lang.AssertionError -->
          <reporter-output>
          </reporter-output>
        </test-method> <!-- validatetitleTest -->
        <test-method status="PASS" signature="tearDown()[pri:0, instance:IngeniousTechHub.IngeniousTechHubApp.ValidateTitle@50a638b5]" name="tearDown" is-config="true" duration-ms="93" started-at="2019-10-22T06:04:45Z" finished-at="2019-10-22T06:04:45Z">
          <reporter-output>
          </reporter-output>
        </test-method> <!-- tearDown -->
      </class> <!-- IngeniousTechHub.IngeniousTechHubApp.ValidateTitle -->
    </test> <!-- Validating title in the page -->
    <test name="App Testing" duration-ms="7" started-at="2019-10-22T00:34:45Z" finished-at="2019-10-22T00:34:45Z">
    </test> <!-- App Testing -->
  </suite> <!-- Suite -->
</testng-results>
